Return-Path: <qemu-devel-bounces+lists+qemu-devel=lfdr.de@nongnu.org>
X-Original-To: lists+qemu-devel@lfdr.de
Delivered-To: lists+qemu-devel@lfdr.de
Received: from lists.gnu.org (lists.gnu.org [209.51.188.17])
	by mail.lfdr.de (Postfix) with ESMTPS id C2238BB49A0
	for <lists+qemu-devel@lfdr.de>; Thu, 02 Oct 2025 18:57:09 +0200 (CEST)
Received: from localhost ([::1] helo=lists1p.gnu.org)
	by lists.gnu.org with esmtp (Exim 4.90_1)
	(envelope-from <qemu-devel-bounces@nongnu.org>)
	id 1v4MZU-0008Od-5n; Thu, 02 Oct 2025 12:54:28 -0400
Received: from eggs.gnu.org ([2001:470:142:3::10])
 by lists.gnu.org with esmtps (TLS1.2:ECDHE_RSA_AES_256_GCM_SHA384:256)
 (Exim 4.90_1) (envelope-from <thuth@redhat.com>) id 1v4MYu-00088y-KE
 for qemu-devel@nongnu.org; Thu, 02 Oct 2025 12:53:49 -0400
Received: from us-smtp-delivery-124.mimecast.com ([170.10.133.124])
 by eggs.gnu.org with esmtps (TLS1.2:ECDHE_RSA_AES_256_GCM_SHA384:256)
 (Exim 4.90_1) (envelope-from <thuth@redhat.com>) id 1v4MYm-0005cF-UV
 for qemu-devel@nongnu.org; Thu, 02 Oct 2025 12:53:48 -0400
DKIM-Signature: v=1; a=rsa-sha256; c=relaxed/relaxed; d=redhat.com;
 s=mimecast20190719; t=1759424014;
 h=from:from:reply-to:subject:subject:date:date:message-id:message-id:
 to:to:cc:cc:mime-version:mime-version:content-type:content-type:
 content-transfer-encoding:content-transfer-encoding:
 in-reply-to:in-reply-to:references:references:autocrypt:autocrypt;
 bh=BEDdRefULhnD7Q99ltRJAbT0iW2AUztw/mb1hB3X6vY=;
 b=Sw0XX9GqFdObsGz3Z+cfUXgneuNa3faquDSN6hmrUndX7nccvYXiZPPrJf/pxH2TKGR6tv
 BSOljpSFzvOTEw+Zk1xgXhdAF/+4xS1Gd9XVOYU/QyhFPvUYenPc0aq6flY+Oyc92P9dUr
 51YganUnkoel9qm1qcCIjCimsEUgq60=
Received: from mail-wr1-f70.google.com (mail-wr1-f70.google.com
 [209.85.221.70]) by relay.mimecast.com with ESMTP with STARTTLS
 (version=TLSv1.3, cipher=TLS_AES_256_GCM_SHA384) id
 us-mta-154-72C_dvg8NO6FMmhfyeQk7Q-1; Thu, 02 Oct 2025 12:53:32 -0400
X-MC-Unique: 72C_dvg8NO6FMmhfyeQk7Q-1
X-Mimecast-MFC-AGG-ID: 72C_dvg8NO6FMmhfyeQk7Q_1759424012
Received: by mail-wr1-f70.google.com with SMTP id
 ffacd0b85a97d-3ee13e43dd9so635370f8f.1
 for <qemu-devel@nongnu.org>; Thu, 02 Oct 2025 09:53:32 -0700 (PDT)
X-Google-DKIM-Signature: v=1; a=rsa-sha256; c=relaxed/relaxed;
 d=1e100.net; s=20230601; t=1759424011; x=1760028811;
 h=content-transfer-encoding:in-reply-to:autocrypt:content-language
 :from:references:cc:to:subject:user-agent:mime-version:date
 :message-id:x-gm-message-state:from:to:cc:subject:date:message-id
 :reply-to;
 bh=BEDdRefULhnD7Q99ltRJAbT0iW2AUztw/mb1hB3X6vY=;
 b=cxNBZ398c/uNazO+ALw3ZNUjJbleCW7xws/Y+SJlxNlx+VTYPL2WY0Fhzkbkx4y9EU
 MLMdUKov5JaZvyDEtbc0KCwuP2XWH2BhDn5SzYfQ1AjBW39s/rBgupQQPCR4wWGP5eKI
 AhnMRtz7MbuSE2F2BdfLZf42eM0vLATAVMRnk1vMku+FhnHg84kU+8RGz1z6/lsufGVV
 te4UzUMP9jvoeWIyyIVvpV9sgI2cDyMC8iQXvlAhrgLCvnTr1XxE63+u8bcahIEOW1vt
 5ewqMDF2fCbZAbu8zik9AFT84xAS8DhbDeidiVLkhXfcFDnO+mxz6NfsJ6MyviAzOQG1
 fK1g==
X-Forwarded-Encrypted: i=1;
 AJvYcCWPZrUwbUw7DbAjDqmrJewvZ+FJodokLR1D/D2OomZusebwrEcXapOFP9IrWs+ntswHsKTxzbVgLUls@nongnu.org
X-Gm-Message-State: AOJu0YxiAFR4WaaVJPvxm4+jYfF1rp3/l/t99CMXUk6PlKWT7KelAvhC
 dj/pgiAfIcbnlyCwlqOtdziVH8I8SQ7V0hIkua05JPEM6/R3qukrj5XLEiRSwxzEsMbi0AIQ1rf
 mowT+9VJ5BZNsy2l+hgL0g9x6M4+CAugiy+x0N+iG/yCKlROPtC4Iayuv
X-Gm-Gg: ASbGncsRUKjN2DtQaOJJ4EUDPwXr64GRtIpHRxXAOmq9wcS6DDEJ/AOguO+Gjrn8EnM
 RjFOLOvUh+dgjvjIW3NDjgWC6teVXb+sXpEhE/N60jf9OJfnKKqUSe/pG48p65FOuDy1YFOKmjw
 x9u6hmaipC20ZiKImDzGRJdnix0Sd+AGmT3OzZCYsbYzE3Cd/h0cuYGosm+Hc05/pPFXmcQrZCz
 Slj0DCOBE2slu77MEk/dfliWmIuiyIlssqH3BN6IHoKLVyNqZ54JlTGGiul0RRSK+bf6WvzIWVo
 xUSH7noIzgEOEamAkrAtewXf3X+DiNBoxN97jfeXYtHCgk2/KgqeyWKMz2AE7l9aOzIAP6S+C2O
 hHEJydVW2ig==
X-Received: by 2002:a05:6000:2dc1:b0:3ec:ea73:a94d with SMTP id
 ffacd0b85a97d-4255780b44fmr4973258f8f.37.1759424011649; 
 Thu, 02 Oct 2025 09:53:31 -0700 (PDT)
X-Google-Smtp-Source: AGHT+IH70xHXjr61DEZpc6ixfv48EA3cNwlQduhrEbOcKSAkkrCMWPQQ7KSmqglfx4UrXXNzgP00VA==
X-Received: by 2002:a05:6000:2dc1:b0:3ec:ea73:a94d with SMTP id
 ffacd0b85a97d-4255780b44fmr4973243f8f.37.1759424011266; 
 Thu, 02 Oct 2025 09:53:31 -0700 (PDT)
Received: from [192.168.0.7] (ltea-047-064-114-056.pools.arcor-ip.net.
 [47.64.114.56]) by smtp.gmail.com with ESMTPSA id
 ffacd0b85a97d-4255d8e96e0sm4344143f8f.33.2025.10.02.09.53.30
 (version=TLS1_3 cipher=TLS_AES_128_GCM_SHA256 bits=128/128);
 Thu, 02 Oct 2025 09:53:30 -0700 (PDT)
Message-ID: <b5cb30d8-65a2-4bf7-b66f-5bfe61e19835@redhat.com>
Date: Thu, 2 Oct 2025 18:53:29 +0200
MIME-Version: 1.0
User-Agent: Mozilla Thunderbird
Subject: Re: [PATCH v5 0/9] tests/functional: Adapt reverse_debugging to run
 w/o Avocado
To: Gustavo Romero <gustavo.romero@linaro.org>, qemu-devel@nongnu.org,
 alex.bennee@linaro.org, berrange@redhat.com
Cc: qemu-arm@nongnu.org
References: <20251002020432.54443-1-gustavo.romero@linaro.org>
From: Thomas Huth <thuth@redhat.com>
Content-Language: en-US
Autocrypt: addr=thuth@redhat.com; keydata=
 xsFNBFH7eUwBEACzyOXKU+5Pcs6wNpKzrlJwzRl3VGZt95VCdb+FgoU9g11m7FWcOafrVRwU
 yYkTm9+7zBUc0sW5AuPGR/dp3pSLX/yFWsA/UB4nJsHqgDvDU7BImSeiTrnpMOTXb7Arw2a2
 4CflIyFqjCpfDM4MuTmzTjXq4Uov1giGE9X6viNo1pxyEpd7PanlKNnf4PqEQp06X4IgUacW
 tSGj6Gcns1bCuHV8OPWLkf4hkRnu8hdL6i60Yxz4E6TqlrpxsfYwLXgEeswPHOA6Mn4Cso9O
 0lewVYfFfsmokfAVMKWzOl1Sr0KGI5T9CpmRfAiSHpthhHWnECcJFwl72NTi6kUcUzG4se81
 O6n9d/kTj7pzTmBdfwuOZ0YUSqcqs0W+l1NcASSYZQaDoD3/SLk+nqVeCBB4OnYOGhgmIHNW
 0CwMRO/GK+20alxzk//V9GmIM2ACElbfF8+Uug3pqiHkVnKqM7W9/S1NH2qmxB6zMiJUHlTH
 gnVeZX0dgH27mzstcF786uPcdEqS0KJuxh2kk5IvUSL3Qn3ZgmgdxBMyCPciD/1cb7/Ahazr
 3ThHQXSHXkH/aDXdfLsKVuwDzHLVSkdSnZdt5HHh75/NFHxwaTlydgfHmFFwodK8y/TjyiGZ
 zg2Kje38xnz8zKn9iesFBCcONXS7txENTzX0z80WKBhK+XSFJwARAQABzR5UaG9tYXMgSHV0
 aCA8dGh1dGhAcmVkaGF0LmNvbT7CwXgEEwECACIFAlVgX6oCGwMGCwkIBwMCBhUIAgkKCwQW
 AgMBAh4BAheAAAoJEC7Z13T+cC21EbIP/ii9cvT2HHGbFRl8HqGT6+7Wkb+XLMqJBMAIGiQK
 QIP3xk1HPTsLfVG0ao4hy/oYkGNOP8+ubLnZen6Yq3zAFiMhQ44lvgigDYJo3Ve59gfe99KX
 EbtB+X95ODARkq0McR6OAsPNJ7gpEUzfkQUUJTXRDQXfG/FX303Gvk+YU0spm2tsIKPl6AmV
 1CegDljzjycyfJbk418MQmMu2T82kjrkEofUO2a24ed3VGC0/Uz//XCR2ZTo+vBoBUQl41BD
 eFFtoCSrzo3yPFS+w5fkH9NT8ChdpSlbNS32NhYQhJtr9zjWyFRf0Zk+T/1P7ECn6gTEkp5k
 ofFIA4MFBc/fXbaDRtBmPB0N9pqTFApIUI4vuFPPO0JDrII9dLwZ6lO9EKiwuVlvr1wwzsgq
 zJTPBU3qHaUO4d/8G+gD7AL/6T4zi8Jo/GmjBsnYaTzbm94lf0CjXjsOX3seMhaE6WAZOQQG
 tZHAO1kAPWpaxne+wtgMKthyPLNwelLf+xzGvrIKvLX6QuLoWMnWldu22z2ICVnLQChlR9d6
 WW8QFEpo/FK7omuS8KvvopFcOOdlbFMM8Y/8vBgVMSsK6fsYUhruny/PahprPbYGiNIhKqz7
 UvgyZVl4pBFjTaz/SbimTk210vIlkDyy1WuS8Zsn0htv4+jQPgo9rqFE4mipJjy/iboDzsFN
 BFH7eUwBEAC2nzfUeeI8dv0C4qrfCPze6NkryUflEut9WwHhfXCLjtvCjnoGqFelH/PE9NF4
 4VPSCdvD1SSmFVzu6T9qWdcwMSaC+e7G/z0/AhBfqTeosAF5XvKQlAb9ZPkdDr7YN0a1XDfa
 +NgA+JZB4ROyBZFFAwNHT+HCnyzy0v9Sh3BgJJwfpXHH2l3LfncvV8rgFv0bvdr70U+On2XH
 5bApOyW1WpIG5KPJlDdzcQTyptOJ1dnEHfwnABEfzI3dNf63rlxsGouX/NFRRRNqkdClQR3K
 gCwciaXfZ7ir7fF0u1N2UuLsWA8Ei1JrNypk+MRxhbvdQC4tyZCZ8mVDk+QOK6pyK2f4rMf/
 WmqxNTtAVmNuZIwnJdjRMMSs4W4w6N/bRvpqtykSqx7VXcgqtv6eqoDZrNuhGbekQA0sAnCJ
 VPArerAZGArm63o39me/bRUQeQVSxEBmg66yshF9HkcUPGVeC4B0TPwz+HFcVhheo6hoJjLq
 knFOPLRj+0h+ZL+D0GenyqD3CyuyeTT5dGcNU9qT74bdSr20k/CklvI7S9yoQje8BeQAHtdV
 cvO8XCLrpGuw9SgOS7OP5oI26a0548M4KldAY+kqX6XVphEw3/6U1KTf7WxW5zYLTtadjISB
 X9xsRWSU+Yqs3C7oN5TIPSoj9tXMoxZkCIHWvnqGwZ7JhwARAQABwsFfBBgBAgAJBQJR+3lM
 AhsMAAoJEC7Z13T+cC21hPAQAIsBL9MdGpdEpvXs9CYrBkd6tS9mbaSWj6XBDfA1AEdQkBOn
 ZH1Qt7HJesk+qNSnLv6+jP4VwqK5AFMrKJ6IjE7jqgzGxtcZnvSjeDGPF1h2CKZQPpTw890k
 fy18AvgFHkVk2Oylyexw3aOBsXg6ukN44vIFqPoc+YSU0+0QIdYJp/XFsgWxnFIMYwDpxSHS
 5fdDxUjsk3UBHZx+IhFjs2siVZi5wnHIqM7eK9abr2cK2weInTBwXwqVWjsXZ4tq5+jQrwDK
 cvxIcwXdUTLGxc4/Z/VRH1PZSvfQxdxMGmNTGaXVNfdFZjm4fz0mz+OUi6AHC4CZpwnsliGV
 ODqwX8Y1zic9viSTbKS01ZNp175POyWViUk9qisPZB7ypfSIVSEULrL347qY/hm9ahhqmn17
 Ng255syASv3ehvX7iwWDfzXbA0/TVaqwa1YIkec+/8miicV0zMP9siRcYQkyTqSzaTFBBmqD
 oiT+z+/E59qj/EKfyce3sbC9XLjXv3mHMrq1tKX4G7IJGnS989E/fg6crv6NHae9Ckm7+lSs
 IQu4bBP2GxiRQ+NV3iV/KU3ebMRzqIC//DCOxzQNFNJAKldPe/bKZMCxEqtVoRkuJtNdp/5a
 yXFZ6TfE1hGKrDBYAm4vrnZ4CXFSBDllL59cFFOJCkn4Xboj/aVxxJxF30bn
In-Reply-To: <20251002020432.54443-1-gustavo.romero@linaro.org>
Content-Type: text/plain; charset=UTF-8; format=flowed
Content-Transfer-Encoding: 7bit
Received-SPF: pass client-ip=170.10.133.124; envelope-from=thuth@redhat.com;
 helo=us-smtp-delivery-124.mimecast.com
X-Spam_score_int: -24
X-Spam_score: -2.5
X-Spam_bar: --
X-Spam_report: (-2.5 / 5.0 requ) BAYES_00=-1.9, DKIMWL_WL_HIGH=-0.451,
 DKIM_SIGNED=0.1, DKIM_VALID=-0.1, DKIM_VALID_AU=-0.1, DKIM_VALID_EF=-0.1,
 RCVD_IN_DNSWL_NONE=-0.0001, RCVD_IN_MSPIKE_H4=0.001, RCVD_IN_MSPIKE_WL=0.001,
 RCVD_IN_VALIDITY_RPBL_BLOCKED=0.001, RCVD_IN_VALIDITY_SAFE_BLOCKED=0.001,
 SPF_HELO_PASS=-0.001, SPF_PASS=-0.001 autolearn=ham autolearn_force=no
X-Spam_action: no action
X-BeenThere: qemu-devel@nongnu.org
X-Mailman-Version: 2.1.29
Precedence: list
List-Id: <qemu-devel.nongnu.org>
List-Unsubscribe: <https://lists.nongnu.org/mailman/options/qemu-devel>,
 <mailto:qemu-devel-request@nongnu.org?subject=unsubscribe>
List-Archive: <https://lists.nongnu.org/archive/html/qemu-devel>
List-Post: <mailto:qemu-devel@nongnu.org>
List-Help: <mailto:qemu-devel-request@nongnu.org?subject=help>
List-Subscribe: <https://lists.nongnu.org/mailman/listinfo/qemu-devel>,
 <mailto:qemu-devel-request@nongnu.org?subject=subscribe>
Errors-To: qemu-devel-bounces+lists+qemu-devel=lfdr.de@nongnu.org
Sender: qemu-devel-bounces+lists+qemu-devel=lfdr.de@nongnu.org

On 02/10/2025 04.04, Gustavo Romero wrote:
> The goal of this series is to remove Avocado as a dependency for running
> the reverse_debugging functional test.
> 
> After several rounds of discussions about v1 and v2, and experiments
> done by Daniel and Thomas (thanks for all the experiments and comments
> so far), I've taken a new approach and moved away from using a runner
> for GDB. The changes, I believe, are much simpler now.

  Hi Gustavo,

unfortunately, this still seems to be broken on Fedora. After applying your 
series, I get:

stderr:
Traceback (most recent call last):
   File "/home/thuth/devel/qemu/tests/functional/reverse_debugging.py", line 
100, in reverse_debugging
     self.reverse_debugging_run(vm, port, gdb_arch, last_icount)
     ~~~~~~~~~~~~~~~~~~~~~~~~~~^^^^^^^^^^^^^^^^^^^^^^^^^^^^^^^^^
   File "/usr/lib64/python3.13/unittest/case.py", line 156, in skip_wrapper
     raise SkipTest(reason)
unittest.case.SkipTest: Missing env var(s): QEMU_TEST_GDB

During handling of the above exception, another exception occurred:

Traceback (most recent call last):
   File 
"/home/thuth/devel/qemu/tests/functional/aarch64/test_reverse_debug.py", 
line 32, in test_aarch64_virt
     self.reverse_debugging(gdb_arch='aarch64', args=('-kernel', kernel_path))
     ~~~~~~~~~~~~~~~~~~~~~~^^^^^^^^^^^^^^^^^^^^^^^^^^^^^^^^^^^^^^^^^^^^^^^^^^^
   File "/home/thuth/devel/qemu/tests/functional/reverse_debugging.py", line 
102, in reverse_debugging
     except GDB.TimeoutError:
            ^^^^^^^^^^^^^^^^
AttributeError: type object 'GDB' has no attribute 'TimeoutError'

More information on 
test_reverse_debug.ReverseDebugging_AArch64.test_aarch64_virt could be found 
here:
  /home/thuth/tmp/qemu-build/tests/functional/aarch64/test_reverse_debug.ReverseDebugging_AArch64.test_aarch64_virt/base.log
  /home/thuth/tmp/qemu-build/tests/functional/aarch64/test_reverse_debug.ReverseDebugging_AArch64.test_aarch64_virt/console.log

(test program exited with status code 1)


... something with the environment variable passing still seems to be 
somehow broken ...?

  Thomas


